Temp/gradleOut/build/intermediates/proguard-rules/release/aapt_rules.txt
# Referenced at processReleaseManifest/merged/AndroidManifest.xml:40
-keep class com.unity3d.player.UnityPlayerActivity { <init>(...); }