Temp/gradleOut/build/outputs/mapping/release/seeds.txt
com.Zenko.BrightLightsalt.R$drawable: int app_banner
com.Zenko.BrightLightsalt.R$mipmap: int app_icon
com.Zenko.BrightLightsalt.R$mipmap: int app_icon_round
com.Zenko.BrightLightsalt.R$mipmap: int ic_launcher_background
com.Zenko.BrightLightsalt.R$mipmap: int ic_launcher_foreground
com.Zenko.BrightLightsalt.R$string: int app_name
com.Zenko.BrightLightsalt.R$style: int BaseUnityTheme
com.Zenko.BrightLightsalt.R$style: int UnityThemeSelector
com.Zenko.BrightLightsalt.R$style: int UnityThemeSelector_Translucent
...
com.unity3d.player.UnityPlayer
com.unity3d.player.UnityPlayer: android.app.Activity currentActivity
com.unity3d.player.UnityPlayer: int c
com.unity3d.player.UnityPlayer: boolean d
com.unity3d.player.UnityPlayer: boolean e
com.unity3d.player.UnityPlayer: com.unity3d.player.n f
com.unity3d.player.UnityPlayer: java.util.concurrent.ConcurrentLinkedQueue g
com.unity3d.player.UnityPlayer: android.content.BroadcastReceiver h
com.unity3d.player.UnityPlayer: com.unity3d.player.UnityPlayer$e a
com.unity3d.player.UnityPlayer: boolean i
com.unity3d.player.UnityPlayer: com.unity3d.player.UnityPlayer$c j
com.unity3d.player.UnityPlayer: android.telephony.TelephonyManager k
com.unity3d.player.UnityPlayer: android.content.ClipboardManager l
com.unity3d.player.UnityPlayer: com.unity3d.player.l m
com.unity3d.player.UnityPlayer: com.unity3d.player.GoogleARCoreApi n
com.unity3d.player.UnityPlayer: com.unity3d.player.UnityPlayer$a o
com.unity3d.player.UnityPlayer: com.unity3d.player.Camera2Wrapper p
com.unity3d.player.UnityPlayer: com.unity3d.player.HFPStatus q
com.unity3d.player.UnityPlayer: android.content.Context r
com.unity3d.player.UnityPlayer: android.view.SurfaceView s
com.unity3d.player.UnityPlayer: boolean t
com.unity3d.player.UnityPlayer: boolean u
com.unity3d.player.UnityPlayer: boolean v
com.unity3d.player.UnityPlayer: com.unity3d.player.q w
com.unity3d.player.UnityPlayer: com.unity3d.player.k b
com.unity3d.player.UnityPlayer: UnityPlayer(android.content.Context)
com.unity3d.player.UnityPlayer$1
com.unity3d.player.UnityPlayer$1: com.unity3d.player.UnityPlayer a
com.unity3d.player.UnityPlayer$1: UnityPlayer$1(com.unity3d.player.UnityPlayer)
com.unity3d.player.UnityPlayer$1: void onClick(android.content.DialogInterface,int)
com.unity3d.player.UnityPlayer$10
com.unity3d.player.UnityPlayer$10: int a
com.unity3d.player.UnityPlayer$10: int b
com.unity3d.player.UnityPlayer$10: com.unity3d.player.UnityPlayer c
com.unity3d.player.UnityPlayer$10: UnityPlayer$10(com.unity3d.player.UnityPlayer,int,int)
com.unity3d.player.UnityPlayer$10: void run()
com.unity3d.player.UnityPlayer$11
com.unity3d.player.UnityPlayer$11: boolean a
com.unity3d.player.UnityPlayer$11: java.lang.String b
com.unity3d.player.UnityPlayer$11: int c
com.unity3d.player.UnityPlayer$11: com.unity3d.player.UnityPlayer d
com.unity3d.player.UnityPlayer$11: UnityPlayer$11(com.unity3d.player.UnityPlayer,boolean,java.lang.String,int)
com.unity3d.player.UnityPlayer$11: void a()
com.unity3d.player.UnityPlayer$12
com.unity3d.player.UnityPlayer$12: int a
com.unity3d.player.UnityPlayer$12: int b
com.unity3d.player.UnityPlayer$12: com.unity3d.player.UnityPlayer c
com.unity3d.player.UnityPlayer$12: UnityPlayer$12(com.unity3d.player.UnityPlayer,int,int)
com.unity3d.player.UnityPlayer$12: void a()
com.unity3d.player.UnityPlayer$13
com.unity3d.player.UnityPlayer$13: com.unity3d.player.UnityPlayer a
com.unity3d.player.UnityPlayer$13: UnityPlayer$13(com.unity3d.player.UnityPlayer)
com.unity3d.player.UnityPlayer$13: void run()
com.unity3d.player.UnityPlayer$14
com.unity3d.player.UnityPlayer$14: com.unity3d.player.GoogleVrProxy a
com.unity3d.player.UnityPlayer$14: java.lang.Runnable b
com.unity3d.player.UnityPlayer$14: java.util.concurrent.Semaphore c
com.unity3d.player.UnityPlayer$14: com.unity3d.player.UnityPlayer d
com.unity3d.player.UnityPlayer$14: UnityPlayer$14(com.unity3d.player.UnityPlayer,com.unity3d.player.GoogleVrProxy,java.lang.Runnable,java.util.concurrent.Semaphore)
com.unity3d.player.UnityPlayer$14: void run()
com.unity3d.player.UnityPlayer$15
com.unity3d.player.UnityPlayer$15: com.unity3d.player.UnityPlayer a
com.unity3d.player.UnityPlayer$15: UnityPlayer$15(com.unity3d.player.UnityPlayer)
com.unity3d.player.UnityPlayer$15: void a()
com.unity3d.player.UnityPlayer$16
com.unity3d.player.UnityPlayer$16: com.unity3d.player.UnityPlayer a
com.unity3d.player.UnityPlayer$16: UnityPlayer$16(com.unity3d.player.UnityPlayer)
com.unity3d.player.UnityPlayer$16: void run()